2025-10-16 19:32:40 - [INFO] - Logger cho 'joeddav_xlm-roberta-large-xnli-training' đã được khởi tạo. File log: logs/joeddav_xlm-roberta-large-xnli-training/2025-10-16_19-32-40.log
2025-10-16 19:32:40 - [INFO] - Logger initialized for joeddav/xlm-roberta-large-xnli
2025-10-16 19:32:40 - [INFO] - ============================================================
2025-10-16 19:32:40 - [INFO] - 🚀 STARTING TRAINING SESSION
2025-10-16 19:32:40 - [INFO] - ============================================================
2025-10-16 19:32:40 - [INFO] - ROOT_DIR: /home/guest/Projects/CS221
2025-10-16 19:32:40 - [INFO] - DATA_DIR: /home/guest/Projects/CS221/data
2025-10-16 19:32:40 - [INFO] - TRAIN_FILE: /home/guest/Projects/CS221/data/vihallu-train.csv
2025-10-16 19:32:40 - [INFO] - TEST_FILE: /home/guest/Projects/CS221/data/vihallu-public-test.csv
2025-10-16 19:32:40 - [INFO] - SUBMISSION_DIR: /home/guest/Projects/CS221/submission
2025-10-16 19:32:40 - [INFO] - SUBMISSION_CSV: submit.csv
2025-10-16 19:32:40 - [INFO] - SUBMISSION_ZIP: submit.zip
2025-10-16 19:32:40 - [INFO] - MODEL_NAME: joeddav/xlm-roberta-large-xnli
2025-10-16 19:32:40 - [INFO] - MODEL_OUTPUT_DIR: /home/guest/Projects/CS221/models/xlm-roberta-large-xnli-tuned
2025-10-16 19:32:40 - [INFO] - MAX_LENGTH: 512
2025-10-16 19:32:40 - [INFO] - RANDOM_STATE: 42
2025-10-16 19:32:40 - [INFO] - EPOCHS: 10
2025-10-16 19:32:40 - [INFO] - BATCH_SIZE: 4
2025-10-16 19:32:40 - [INFO] - GRADIENT_ACCUMULATION_STEPS: 4
2025-10-16 19:32:40 - [INFO] - SCHEDULER_TYPE: cosine
2025-10-16 19:32:40 - [INFO] - LEARNING_RATE: 6e-06
2025-10-16 19:32:40 - [INFO] - WEIGHT_DECAY: 0.02
2025-10-16 19:32:40 - [INFO] - CLASSIFIER_DROPOUT: 0.05
2025-10-16 19:32:40 - [INFO] - EPSILON: 1e-08
2025-10-16 19:32:40 - [INFO] - PATIENCE_LIMIT: 2
2025-10-16 19:32:40 - [INFO] - TOTAL_STEP_SCALE: 0.1
2025-10-16 19:32:40 - [INFO] - LABEL_SMOOTHING: 0.05
2025-10-16 19:32:40 - [INFO] - VALIDATION_SPLIT_SIZE: 0.2
2025-10-16 19:32:40 - [INFO] - LABEL_MAP: {'intrinsic': 0, 'extrinsic': 1, 'no': 2}
2025-10-16 19:32:40 - [INFO] - ID2LABEL: {0: 'intrinsic', 1: 'extrinsic', 2: 'no'}
2025-10-16 19:32:40 - [INFO] - CLASS_WEIGHTS: [1.0393466963622866, 1.0114145354717525, 0.9531590413943355]
2025-10-16 19:32:40 - [INFO] - ============================================================
2025-10-16 19:32:42 - [INFO] - Bắt đầu pipeline huấn luyện.
2025-10-16 19:32:42 - [INFO] - Bước 1: Chuẩn bị dữ liệu...
2025-10-16 19:32:42 - [INFO] - Chia dữ liệu: 5600 mẫu train, 1400 mẫu validation.
2025-10-16 19:32:43 - [INFO] - Bước 2: Tải model 'joeddav/xlm-roberta-large-xnli' và tokenizer...
2025-10-16 19:32:45 - [INFO] - Phân tích kiến trúc mô hình bằng torchinfo...
2025-10-16 19:32:47 - [INFO] - Kiến trúc chi tiết của mô hình:
=====================================================================================================================================================================
Layer (type:depth-idx)                                            Input Shape               Output Shape              Param #                   Mult-Adds
=====================================================================================================================================================================
XLMRobertaForSequenceClassification                               --                        [4, 3]                    --                        --
├─XLMRobertaModel: 1-1                                            [4, 512]                  [4, 512, 1024]            --                        --
│    └─XLMRobertaEmbeddings: 2-1                                  --                        [4, 512, 1024]            --                        --
│    │    └─Embedding: 3-1                                        [4, 512]                  [4, 512, 1024]            256,002,048               1,024,008,192
│    │    └─Embedding: 3-2                                        [4, 512]                  [4, 512, 1024]            1,024                     4,096
│    │    └─Embedding: 3-3                                        [4, 512]                  [4, 512, 1024]            526,336                   2,105,344
│    │    └─LayerNorm: 3-4                                        [4, 512, 1024]            [4, 512, 1024]            2,048                     8,192
│    │    └─Dropout: 3-5                                          [4, 512, 1024]            [4, 512, 1024]            --                        --
│    └─XLMRobertaEncoder: 2-2                                     [4, 512, 1024]            [4, 512, 1024]            --                        --
│    │    └─ModuleList: 3-6                                       --                        --                        302,309,376               --
├─XLMRobertaClassificationHead: 1-2                               [4, 512, 1024]            [4, 3]                    --                        --
│    └─Dropout: 2-3                                               [4, 1024]                 [4, 1024]                 --                        --
│    └─Linear: 2-4                                                [4, 1024]                 [4, 1024]                 1,049,600                 4,198,400
│    └─Dropout: 2-5                                               [4, 1024]                 [4, 1024]                 --                        --
│    └─Linear: 2-6                                                [4, 1024]                 [4, 3]                    3,075                     12,300
=====================================================================================================================================================================
Total params: 559,893,507
Trainable params: 559,893,507
Non-trainable params: 0
Total mult-adds (Units.GIGABYTES): 2.24
=====================================================================================================================================================================
Input size (MB): 0.02
Forward/backward pass size (MB): 4496.33
Params size (MB): 2239.57
Estimated Total Size (MB): 6735.92
=====================================================================================================================================================================
2025-10-16 19:32:47 - [INFO] - Bước 3: Tạo Dataset và DataLoader...
2025-10-16 19:32:47 - [INFO] - ✅ Tạo DataLoader thành công với pipeline tối ưu!
2025-10-16 19:32:47 - [INFO] - Gradient accumulation steps: 4 | Effective batch size: 16
2025-10-16 19:32:47 - [INFO] - Bước 4: Thiết lập môi trường huấn luyện và kiến trúc model...
2025-10-16 19:32:47 - [INFO] - Sử dụng thiết bị: cuda
2025-10-16 19:32:47 - [INFO] - ✅ Tìm thấy 1 GPU(s).
2025-10-16 19:32:47 - [INFO] - ✅ Đang sử dụng GPU: NVIDIA GeForce RTX 5070 Ti
2025-10-16 19:32:47 - [INFO] - Kiến trúc của mô hình:
XLMRobertaForSequenceClassification(
  (roberta): XLMRobertaModel(
    (embeddings): XLMRobertaEmbeddings(
      (word_embeddings): Embedding(250002, 1024, padding_idx=1)
      (position_embeddings): Embedding(514, 1024, padding_idx=1)
      (token_type_embeddings): Embedding(1, 1024)
      (LayerNorm): LayerNorm((1024,), eps=1e-05, elementwise_affine=True)
      (dropout): Dropout(p=0.05, inplace=False)
    )
    (encoder): XLMRobertaEncoder(
      (layer): ModuleList(
        (0-23): 24 x XLMRobertaLayer(
          (attention): XLMRobertaAttention(
            (self): XLMRobertaSdpaSelfAttention(
              (query): Linear(in_features=1024, out_features=1024, bias=True)
              (key): Linear(in_features=1024, out_features=1024, bias=True)
              (value): Linear(in_features=1024, out_features=1024, bias=True)
              (dropout): Dropout(p=0.05, inplace=False)
            )
            (output): XLMRobertaSelfOutput(
              (dense): Linear(in_features=1024, out_features=1024, bias=True)
              (LayerNorm): LayerNorm((1024,), eps=1e-05, elementwise_affine=True)
              (dropout): Dropout(p=0.05, inplace=False)
            )
          )
          (intermediate): XLMRobertaIntermediate(
            (dense): Linear(in_features=1024, out_features=4096, bias=True)
            (intermediate_act_fn): GELUActivation()
          )
          (output): XLMRobertaOutput(
            (dense): Linear(in_features=4096, out_features=1024, bias=True)
            (LayerNorm): LayerNorm((1024,), eps=1e-05, elementwise_affine=True)
            (dropout): Dropout(p=0.05, inplace=False)
          )
        )
      )
    )
  )
  (classifier): XLMRobertaClassificationHead(
    (dense): Linear(in_features=1024, out_features=1024, bias=True)
    (dropout): Dropout(p=0.05, inplace=False)
    (out_proj): Linear(in_features=1024, out_features=3, bias=True)
  )
)
2025-10-16 19:32:47 - [INFO] - Scheduler will run for 3500 total steps (350 per epoch)
2025-10-16 19:32:47 - [INFO] - Warmup steps: 350
2025-10-16 19:32:47 - [INFO] - Sử dụng Class Weights & Label smoothing cho hàm loss.
2025-10-16 19:32:47 - [INFO] - --- Epoch 1/10 ---
2025-10-16 19:37:12 - [INFO] - Loss trung bình trên tập train: 0.9016
2025-10-16 19:37:12 - [INFO] - Current Learning Rate: 6.00e-06
2025-10-16 19:37:12 - [INFO] - Bắt đầu đánh giá trên tập validation...
2025-10-16 19:37:33 - [INFO] - Validation Loss: 0.6703
2025-10-16 19:37:33 - [INFO] - Validation Accuracy: 0.7800
2025-10-16 19:37:33 - [INFO] - Validation Macro-F1: 0.7782
2025-10-16 19:37:33 - [INFO] - Classification Report trên tập validation:
              precision    recall  f1-score   support

   intrinsic     0.8376    0.6735    0.7466       490
   extrinsic     0.7716    0.7549    0.7632       461
          no     0.7459    0.9220    0.8247       449

    accuracy                         0.7800      1400
   macro avg     0.7850    0.7835    0.7782      1400
weighted avg     0.7865    0.7800    0.7771      1400

2025-10-16 19:37:33 - [INFO] - 🎉 Macro-F1 cải thiện. Đang lưu model tốt nhất vào '/home/guest/Projects/CS221/models/xlm-roberta-large-xnli-tuned'...
2025-10-16 19:37:35 - [INFO] - Lưu model thành công.
2025-10-16 19:37:35 - [INFO] - --- Epoch 2/10 ---
2025-10-16 19:41:59 - [INFO] - Loss trung bình trên tập train: 0.5629
2025-10-16 19:41:59 - [INFO] - Current Learning Rate: 5.82e-06
2025-10-16 19:41:59 - [INFO] - Bắt đầu đánh giá trên tập validation...
2025-10-16 19:42:19 - [INFO] - Validation Loss: 0.6481
2025-10-16 19:42:19 - [INFO] - Validation Accuracy: 0.7993
2025-10-16 19:42:19 - [INFO] - Validation Macro-F1: 0.7999
2025-10-16 19:42:19 - [INFO] - Classification Report trên tập validation:
              precision    recall  f1-score   support

   intrinsic     0.8218    0.7245    0.7701       490
   extrinsic     0.7426    0.8200    0.7794       461
          no     0.8410    0.8597    0.8502       449

    accuracy                         0.7993      1400
   macro avg     0.8018    0.8014    0.7999      1400
weighted avg     0.8019    0.7993    0.7988      1400

2025-10-16 19:42:19 - [INFO] - 🎉 Macro-F1 cải thiện. Đang lưu model tốt nhất vào '/home/guest/Projects/CS221/models/xlm-roberta-large-xnli-tuned'...
2025-10-16 19:42:21 - [INFO] - Lưu model thành công.
2025-10-16 19:42:21 - [INFO] - --- Epoch 3/10 ---
2025-10-16 19:46:45 - [INFO] - Loss trung bình trên tập train: 0.4306
2025-10-16 19:46:45 - [INFO] - Current Learning Rate: 5.30e-06
2025-10-16 19:46:45 - [INFO] - Bắt đầu đánh giá trên tập validation...
2025-10-16 19:47:05 - [INFO] - Validation Loss: 0.6733
2025-10-16 19:47:05 - [INFO] - Validation Accuracy: 0.7986
2025-10-16 19:47:05 - [INFO] - Validation Macro-F1: 0.7987
2025-10-16 19:47:05 - [INFO] - Classification Report trên tập validation:
              precision    recall  f1-score   support

   intrinsic     0.8009    0.7633    0.7816       490
   extrinsic     0.7773    0.7722    0.7748       461
          no     0.8168    0.8641    0.8398       449

    accuracy                         0.7986      1400
   macro avg     0.7983    0.7999    0.7987      1400
weighted avg     0.7982    0.7986    0.7980      1400

2025-10-16 19:47:05 - [WARNING] - Macro-F1 không cải thiện. Patience: 1/2
2025-10-16 19:47:05 - [INFO] - --- Epoch 4/10 ---
2025-10-16 19:51:27 - [INFO] - Loss trung bình trên tập train: 0.3274
2025-10-16 19:51:27 - [INFO] - Current Learning Rate: 4.50e-06
2025-10-16 19:51:27 - [INFO] - Bắt đầu đánh giá trên tập validation...
2025-10-16 19:51:48 - [INFO] - Validation Loss: 0.8162
2025-10-16 19:51:48 - [INFO] - Validation Accuracy: 0.7886
2025-10-16 19:51:48 - [INFO] - Validation Macro-F1: 0.7881
2025-10-16 19:51:48 - [INFO] - Classification Report trên tập validation:
              precision    recall  f1-score   support

   intrinsic     0.7707    0.7612    0.7659       490
   extrinsic     0.7990    0.7245    0.7600       461
          no     0.7972    0.8842    0.8384       449

    accuracy                         0.7886      1400
   macro avg     0.7890    0.7900    0.7881      1400
weighted avg     0.7885    0.7886    0.7872      1400

2025-10-16 19:51:48 - [WARNING] - Macro-F1 không cải thiện. Patience: 2/2
2025-10-16 19:51:48 - [INFO] - Early stopping! Dừng huấn luyện.
2025-10-16 19:51:48 - [INFO] - 🏁 Quá trình huấn luyện hoàn tất.
2025-10-16 19:51:48 - [INFO] - Model tốt nhất với Macro-F1 = 0.7999 đã được lưu tại '/home/guest/Projects/CS221/models/xlm-roberta-large-xnli-tuned'
2025-10-16 19:51:48 - [INFO] - Phân phối kết quả trên từng lớp:
  true_label  correct  incorrect  total correct_rate incorrect_rate
0  extrinsic      334        127    461       72.45%         27.55%
1  intrinsic      373        117    490       76.12%         23.88%
2         no      397         52    449       88.42%         11.58%
