2025-10-17 13:42:24 - [INFO] - Logger cho 'FacebookAI_xlm-roberta-large-training' đã được khởi tạo. File log: logs/FacebookAI_xlm-roberta-large-training/2025-10-17_13-42-24.log
2025-10-17 13:42:24 - [INFO] - Logger initialized for FacebookAI/xlm-roberta-large
2025-10-17 13:42:24 - [INFO] - ============================================================
2025-10-17 13:42:24 - [INFO] - 🚀 STARTING TRAINING SESSION
2025-10-17 13:42:24 - [INFO] - ============================================================
2025-10-17 13:42:24 - [INFO] - ROOT_DIR: /home/guest/Projects/CS221
2025-10-17 13:42:24 - [INFO] - DATA_DIR: /home/guest/Projects/CS221/data
2025-10-17 13:42:24 - [INFO] - TRAIN_FILE: /home/guest/Projects/CS221/data/vihallu-train.csv
2025-10-17 13:42:24 - [INFO] - TEST_FILE: /home/guest/Projects/CS221/data/vihallu-public-test.csv
2025-10-17 13:42:24 - [INFO] - SUBMISSION_DIR: /home/guest/Projects/CS221/submission
2025-10-17 13:42:24 - [INFO] - SUBMISSION_CSV: submit.csv
2025-10-17 13:42:24 - [INFO] - SUBMISSION_ZIP: submit.zip
2025-10-17 13:42:24 - [INFO] - MODEL_NAME: FacebookAI/xlm-roberta-large
2025-10-17 13:42:24 - [INFO] - MODEL_OUTPUT_DIR: /home/guest/Projects/CS221/models/xlm-roberta-large-tuned
2025-10-17 13:42:24 - [INFO] - MAX_LENGTH: 512
2025-10-17 13:42:24 - [INFO] - RANDOM_STATE: 42
2025-10-17 13:42:24 - [INFO] - EPOCHS: 10
2025-10-17 13:42:24 - [INFO] - BATCH_SIZE: 4
2025-10-17 13:42:24 - [INFO] - GRADIENT_ACCUMULATION_STEPS: 4
2025-10-17 13:42:24 - [INFO] - SCHEDULER_TYPE: cosine
2025-10-17 13:42:24 - [INFO] - LEARNING_RATE: 8e-06
2025-10-17 13:42:24 - [INFO] - WEIGHT_DECAY: 0.03
2025-10-17 13:42:24 - [INFO] - NUM_CYCLES: 3
2025-10-17 13:42:24 - [INFO] - CLASSIFIER_DROPOUT: 0.1
2025-10-17 13:42:24 - [INFO] - LABEL_SMOOTHING: 0.05
2025-10-17 13:42:24 - [INFO] - TOTAL_STEP_SCALE: 0.1
2025-10-17 13:42:24 - [INFO] - EPSILON: 1e-08
2025-10-17 13:42:24 - [INFO] - PATIENCE_LIMIT: 3
2025-10-17 13:42:24 - [INFO] - VALIDATION_SPLIT_SIZE: 0.2
2025-10-17 13:42:24 - [INFO] - LABEL_MAP: {'no': 0, 'extrinsic': 1, 'intrinsic': 2}
2025-10-17 13:42:24 - [INFO] - ID2LABEL: {0: 'no', 1: 'extrinsic', 2: 'intrinsic'}
2025-10-17 13:42:24 - [INFO] - CLASS_WEIGHTS: [1.0393466963622866, 1.0114145354717525, 0.9531590413943355]
2025-10-17 13:42:24 - [INFO] - ============================================================
2025-10-17 13:42:27 - [INFO] - Bắt đầu pipeline huấn luyện.
2025-10-17 13:42:27 - [INFO] - Bước 1: Chuẩn bị dữ liệu...
2025-10-17 13:42:27 - [INFO] - Chia dữ liệu: 5600 mẫu train, 1400 mẫu validation.
2025-10-17 13:42:27 - [INFO] - Bước 2: Tải model 'FacebookAI/xlm-roberta-large' và tokenizer...
2025-10-17 13:42:29 - [INFO] - Phân tích kiến trúc mô hình bằng torchinfo...
2025-10-17 13:42:32 - [INFO] - Kiến trúc chi tiết của mô hình:
=====================================================================================================================================================================
Layer (type:depth-idx)                                            Input Shape               Output Shape              Param #                   Mult-Adds
=====================================================================================================================================================================
XLMRobertaForSequenceClassification                               --                        [4, 3]                    --                        --
├─XLMRobertaModel: 1-1                                            [4, 512]                  [4, 512, 1024]            --                        --
│    └─XLMRobertaEmbeddings: 2-1                                  --                        [4, 512, 1024]            --                        --
│    │    └─Embedding: 3-1                                        [4, 512]                  [4, 512, 1024]            256,002,048               1,024,008,192
│    │    └─Embedding: 3-2                                        [4, 512]                  [4, 512, 1024]            1,024                     4,096
│    │    └─Embedding: 3-3                                        [4, 512]                  [4, 512, 1024]            526,336                   2,105,344
│    │    └─LayerNorm: 3-4                                        [4, 512, 1024]            [4, 512, 1024]            2,048                     8,192
│    │    └─Dropout: 3-5                                          [4, 512, 1024]            [4, 512, 1024]            --                        --
│    └─XLMRobertaEncoder: 2-2                                     [4, 512, 1024]            [4, 512, 1024]            --                        --
│    │    └─ModuleList: 3-6                                       --                        --                        302,309,376               --
├─XLMRobertaClassificationHead: 1-2                               [4, 512, 1024]            [4, 3]                    --                        --
│    └─Dropout: 2-3                                               [4, 1024]                 [4, 1024]                 --                        --
│    └─Linear: 2-4                                                [4, 1024]                 [4, 1024]                 1,049,600                 4,198,400
│    └─Dropout: 2-5                                               [4, 1024]                 [4, 1024]                 --                        --
│    └─Linear: 2-6                                                [4, 1024]                 [4, 3]                    3,075                     12,300
=====================================================================================================================================================================
Total params: 559,893,507
Trainable params: 559,893,507
Non-trainable params: 0
Total mult-adds (Units.GIGABYTES): 2.24
=====================================================================================================================================================================
Input size (MB): 0.02
Forward/backward pass size (MB): 4496.33
Params size (MB): 2239.57
Estimated Total Size (MB): 6735.92
=====================================================================================================================================================================
2025-10-17 13:42:32 - [INFO] - Bước 3: Tạo Dataset và DataLoader...
2025-10-17 13:42:32 - [INFO] - ✅ Tạo DataLoader thành công với DataCollatorWithPadding chuẩn!
2025-10-17 13:42:32 - [INFO] - Gradient accumulation steps: 4 | Effective batch size: 16
2025-10-17 13:42:32 - [INFO] - Bước 4: Thiết lập môi trường huấn luyện và kiến trúc model...
2025-10-17 13:42:32 - [INFO] - Sử dụng thiết bị: cuda
2025-10-17 13:42:32 - [INFO] - ✅ Tìm thấy 1 GPU(s).
2025-10-17 13:42:32 - [INFO] - ✅ Đang sử dụng GPU: NVIDIA GeForce RTX 5070 Ti
2025-10-17 13:42:32 - [INFO] - Kiến trúc của mô hình:
XLMRobertaForSequenceClassification(
  (roberta): XLMRobertaModel(
    (embeddings): XLMRobertaEmbeddings(
      (word_embeddings): Embedding(250002, 1024, padding_idx=1)
      (position_embeddings): Embedding(514, 1024, padding_idx=1)
      (token_type_embeddings): Embedding(1, 1024)
      (LayerNorm): LayerNorm((1024,), eps=1e-05, elementwise_affine=True)
      (dropout): Dropout(p=0.1, inplace=False)
    )
    (encoder): XLMRobertaEncoder(
      (layer): ModuleList(
        (0-23): 24 x XLMRobertaLayer(
          (attention): XLMRobertaAttention(
            (self): XLMRobertaSdpaSelfAttention(
              (query): Linear(in_features=1024, out_features=1024, bias=True)
              (key): Linear(in_features=1024, out_features=1024, bias=True)
              (value): Linear(in_features=1024, out_features=1024, bias=True)
              (dropout): Dropout(p=0.1, inplace=False)
            )
            (output): XLMRobertaSelfOutput(
              (dense): Linear(in_features=1024, out_features=1024, bias=True)
              (LayerNorm): LayerNorm((1024,), eps=1e-05, elementwise_affine=True)
              (dropout): Dropout(p=0.1, inplace=False)
            )
          )
          (intermediate): XLMRobertaIntermediate(
            (dense): Linear(in_features=1024, out_features=4096, bias=True)
            (intermediate_act_fn): GELUActivation()
          )
          (output): XLMRobertaOutput(
            (dense): Linear(in_features=4096, out_features=1024, bias=True)
            (LayerNorm): LayerNorm((1024,), eps=1e-05, elementwise_affine=True)
            (dropout): Dropout(p=0.1, inplace=False)
          )
        )
      )
    )
  )
  (classifier): XLMRobertaClassificationHead(
    (dense): Linear(in_features=1024, out_features=1024, bias=True)
    (dropout): Dropout(p=0.1, inplace=False)
    (out_proj): Linear(in_features=1024, out_features=3, bias=True)
  )
)
2025-10-17 13:42:32 - [INFO] - Scheduler will run for 3500 total steps (350 per epoch)
2025-10-17 13:42:32 - [INFO] - Sử dụng scheduler chung: cosine
2025-10-17 13:42:32 - [INFO] - Warmup steps: 350
2025-10-17 13:42:32 - [INFO] - Sử dụng Class Weights & Label smoothing cho hàm loss.
2025-10-17 13:42:32 - [INFO] - --- Epoch 1/10 ---
2025-10-17 13:46:59 - [INFO] - Loss trung bình trên tập train: 1.0761
2025-10-17 13:46:59 - [INFO] - Current Learning Rate: 8.00e-06
2025-10-17 13:46:59 - [INFO] - Bắt đầu đánh giá trên tập validation...
2025-10-17 13:47:19 - [INFO] - Validation Loss: 0.9351
2025-10-17 13:47:19 - [INFO] - Validation Accuracy: 0.5850
2025-10-17 13:47:19 - [INFO] - Validation Macro-F1: 0.5267
2025-10-17 13:47:19 - [INFO] - Classification Report trên tập validation:
              precision    recall  f1-score   support

          no     0.6561    0.7862    0.7153       449
   extrinsic     0.5313    0.8829    0.6634       461
   intrinsic     0.6146    0.1204    0.2014       490

    accuracy                         0.5850      1400
   macro avg     0.6007    0.5965    0.5267      1400
weighted avg     0.6005    0.5850    0.5183      1400

2025-10-17 13:47:19 - [INFO] - 🎉 Macro-F1 cải thiện. Đang lưu model tốt nhất vào '/home/guest/Projects/CS221/models/xlm-roberta-large-tuned'...
2025-10-17 13:47:22 - [INFO] - Lưu model thành công.
2025-10-17 13:47:22 - [INFO] - --- Epoch 2/10 ---
2025-10-17 13:51:47 - [INFO] - Loss trung bình trên tập train: 0.8234
2025-10-17 13:51:47 - [INFO] - Current Learning Rate: 7.76e-06
2025-10-17 13:51:47 - [INFO] - Bắt đầu đánh giá trên tập validation...
2025-10-17 13:52:08 - [INFO] - Validation Loss: 0.7438
2025-10-17 13:52:08 - [INFO] - Validation Accuracy: 0.7229
2025-10-17 13:52:08 - [INFO] - Validation Macro-F1: 0.7144
2025-10-17 13:52:08 - [INFO] - Classification Report trên tập validation:
              precision    recall  f1-score   support

          no     0.7457    0.8753    0.8053       449
   extrinsic     0.6644    0.8330    0.7392       461
   intrinsic     0.7966    0.4796    0.5987       490

    accuracy                         0.7229      1400
   macro avg     0.7356    0.7293    0.7144      1400
weighted avg     0.7367    0.7229    0.7112      1400

2025-10-17 13:52:08 - [INFO] - 🎉 Macro-F1 cải thiện. Đang lưu model tốt nhất vào '/home/guest/Projects/CS221/models/xlm-roberta-large-tuned'...
2025-10-17 13:52:11 - [INFO] - Lưu model thành công.
2025-10-17 13:52:11 - [INFO] - --- Epoch 3/10 ---
2025-10-17 13:56:36 - [INFO] - Loss trung bình trên tập train: 0.6770
2025-10-17 13:56:36 - [INFO] - Current Learning Rate: 7.06e-06
2025-10-17 13:56:36 - [INFO] - Bắt đầu đánh giá trên tập validation...
2025-10-17 13:56:57 - [INFO] - Validation Loss: 0.6567
2025-10-17 13:56:57 - [INFO] - Validation Accuracy: 0.7800
2025-10-17 13:56:57 - [INFO] - Validation Macro-F1: 0.7799
2025-10-17 13:56:57 - [INFO] - Classification Report trên tập validation:
              precision    recall  f1-score   support

          no     0.7800    0.8686    0.8219       449
   extrinsic     0.7981    0.7462    0.7713       461
   intrinsic     0.7633    0.7306    0.7466       490

    accuracy                         0.7800      1400
   macro avg     0.7805    0.7818    0.7799      1400
weighted avg     0.7801    0.7800    0.7789      1400

2025-10-17 13:56:57 - [INFO] - 🎉 Macro-F1 cải thiện. Đang lưu model tốt nhất vào '/home/guest/Projects/CS221/models/xlm-roberta-large-tuned'...
2025-10-17 13:56:59 - [INFO] - Lưu model thành công.
2025-10-17 13:56:59 - [INFO] - --- Epoch 4/10 ---
2025-10-17 14:01:23 - [INFO] - Loss trung bình trên tập train: 0.5776
2025-10-17 14:01:23 - [INFO] - Current Learning Rate: 6.00e-06
2025-10-17 14:01:23 - [INFO] - Bắt đầu đánh giá trên tập validation...
2025-10-17 14:01:44 - [INFO] - Validation Loss: 0.6918
2025-10-17 14:01:44 - [INFO] - Validation Accuracy: 0.7779
2025-10-17 14:01:44 - [INFO] - Validation Macro-F1: 0.7783
2025-10-17 14:01:44 - [INFO] - Classification Report trên tập validation:
              precision    recall  f1-score   support

          no     0.7955    0.8575    0.8253       449
   extrinsic     0.8253    0.7072    0.7617       461
   intrinsic     0.7255    0.7714    0.7478       490

    accuracy                         0.7779      1400
   macro avg     0.7821    0.7787    0.7783      1400
weighted avg     0.7808    0.7779    0.7772      1400

2025-10-17 14:01:44 - [WARNING] - Macro-F1 không cải thiện. Patience: 1/3
2025-10-17 14:01:44 - [INFO] - --- Epoch 5/10 ---
2025-10-17 14:06:06 - [INFO] - Loss trung bình trên tập train: 0.5002
2025-10-17 14:06:06 - [INFO] - Current Learning Rate: 4.69e-06
2025-10-17 14:06:06 - [INFO] - Bắt đầu đánh giá trên tập validation...
2025-10-17 14:06:27 - [INFO] - Validation Loss: 0.7194
2025-10-17 14:06:27 - [INFO] - Validation Accuracy: 0.7779
2025-10-17 14:06:27 - [INFO] - Validation Macro-F1: 0.7785
2025-10-17 14:06:27 - [INFO] - Classification Report trên tập validation:
              precision    recall  f1-score   support

          no     0.8068    0.8463    0.8261       449
   extrinsic     0.7894    0.7397    0.7637       461
   intrinsic     0.7404    0.7510    0.7457       490

    accuracy                         0.7779      1400
   macro avg     0.7789    0.7790    0.7785      1400
weighted avg     0.7778    0.7779    0.7774      1400

2025-10-17 14:06:27 - [WARNING] - Macro-F1 không cải thiện. Patience: 2/3
2025-10-17 14:06:27 - [INFO] - --- Epoch 6/10 ---
2025-10-17 14:06:49 - [INFO] - 🏁 Quá trình huấn luyện hoàn tất.
2025-10-17 14:06:49 - [INFO] - Model tốt nhất với Macro-F1 = 0.7799 đã được lưu tại '/home/guest/Projects/CS221/models/xlm-roberta-large-tuned'
2025-10-17 14:06:52 - [INFO] - Phân phối kết quả trên từng lớp:
  true_label  correct  incorrect  total correct_rate incorrect_rate
0  extrinsic      341        120    461       73.97%         26.03%
1  intrinsic      368        122    490       75.10%         24.90%
2         no      380         69    449       84.63%         15.37%
